http://downloads.bbc.co.uk/podcasts/radio4/r4shakespeare/r4shakespeare_20120327-1042a.mp3
http://downloads.bbc.co.uk/podcasts/worldservice/docarchive/docarchive_20110426-1114a.mp3
http://downloads.bbc.co.uk/podcasts/worldservice/docarchive/docarchive_20110512-0900a.mp3
http://downloads.bbc.co.uk/podcasts/worldservice/docarchive/docarchive_20110517-0905a.mp3
http://downloads.bbc.co.uk/podcasts/worldservice/docarchive/docarchive_20110827-1405a.mp3
http://feedproxy.google.com/~r/TheHistoryOfRome/~5/DG9XrBrcCew/173-_The_Broken_Bow.mp3
http://feedproxy.google.com/~r/TheHistoryOfRome/~5/ZBgA99Cwduk/175-_Trying_to_Take_It_All_Back.mp3
http://feedproxy.google.com/~r/TheHistoryOfRome/~5/ktRcEIlgPpg/176-_The_Quote_Unquote_Emperor.mp3
http://feedproxy.google.com/~r/TheHistoryOfRome/~5/oSeb_TKLrTg/174-_The_Sack_of_Rome_Part_2.mp3
http://hesiod.org/show/PE032312.mp3
http://hesiod.org/show/PE040612.mp3
http://hesiod.org/show/PE041312.mp3
http://hesiod.org/show/PE042012.mp3
http://podcast.cbc.ca/mp3/podcasts/quirksaio_20120331_43986.mp3
http://podcast.cbc.ca/mp3/podcasts/quirksaio_20120407_45471.mp3
http://podcast.cbc.ca/mp3/podcasts/quirksaio_20120414_76217.mp3
http://podcast.cbc.ca/mp3/podcasts/quirksaio_20120421_99344.mp3
http://www.amnh.org/podcast/media/2011-12-05_panek.mp3
http://www.amnh.org/podcast/media/2012-01-04_scicafe_gates.mp3
http://www.amnh.org/podcast/media/2012-03-29_dufresne.mp3
http://www.amnh.org/podcast/media/2012-04-04_scicafe_islandbirds.mp3
http://www.archive.org/download/JeanShepherd1965Pt1/1965_04_21_Practical_Jokes.mp3
http://www.archive.org/download/JeanShepherd1972/1972_04_21_Kiteman_restored.mp3
http://www.podtrac.com/pts/redirect.mp3/traffic.libsyn.com/sciencefriday/scifri20120406-hr2.mp3
http://www.podtrac.com/pts/redirect.mp3/traffic.libsyn.com/sciencefriday/scifri20120413-hr1.mp3
http://www.podtrac.com/pts/redirect.mp3/traffic.libsyn.com/sciencefriday/scifri20120413-hr2.mp3
http://www.podtrac.com/pts/redirect.mp3/traffic.libsyn.com/sciencefriday/scifri20120420-hr1.mp3
